#! /usr/bin/vvp
:ivl_version "10.3 (stable)";
:ivl_delay_selection "TYPICAL";
:vpi_time_precision + 0;
:vpi_module "system";
:vpi_module "vhdl_sys";
:vpi_module "v2005_math";
:vpi_module "va_math";
S_0x5609106cc0d0 .scope module, "dummydecoder" "dummydecoder" 2 1;
 .timescale 0 0;
    .port_info 0 /INPUT 32 "instr"
    .port_info 1 /OUTPUT 6 "op"
    .port_info 2 /OUTPUT 5 "rs1"
    .port_info 3 /OUTPUT 5 "rs2"
    .port_info 4 /OUTPUT 5 "rd"
    .port_info 5 /INPUT 32 "r_rv2"
    .port_info 6 /OUTPUT 32 "rv2"
    .port_info 7 /OUTPUT 1 "we"
o0x7fa0c8677018 .functor BUFZ 32, C4<zzzzzzzzzzzzzzzzzzzzzzzzzzzzzzzz>; HiZ drive
v0x56091070f020_0 .net "instr", 31 0, o0x7fa0c8677018;  0 drivers
v0x5609107319b0_0 .var "op", 5 0;
o0x7fa0c8677078 .functor BUFZ 32, C4<zzzzzzzzzzzzzzzzzzzzzzzzzzzzzzzz>; HiZ drive
v0x560910731a90_0 .net "r_rv2", 31 0, o0x7fa0c8677078;  0 drivers
v0x560910731b50_0 .var "rd", 4 0;
v0x560910731c30_0 .var "rs1", 4 0;
v0x560910731d60_0 .var "rs2", 4 0;
v0x560910731e40_0 .var "rv2", 31 0;
v0x560910731f20_0 .var "we", 0 0;
E_0x560910702110 .event edge, v0x56091070f020_0, v0x560910731a90_0;
    .scope S_0x5609106cc0d0;
T_0 ;
    %wait E_0x560910702110;
    %load/vec4 v0x56091070f020_0;
    %parti/s 3, 12, 5;
    %load/vec4 v0x56091070f020_0;
    %parti/s 7, 0, 2;
    %concat/vec4; draw_concat_vec4
    %dup/vec4;
    %pushi/vec4 19, 0, 10;
    %cmp/u;
    %jmp/1 T_0.0, 6;
    %dup/vec4;
    %pushi/vec4 275, 0, 10;
    %cmp/u;
    %jmp/1 T_0.1, 6;
    %dup/vec4;
    %pushi/vec4 403, 0, 10;
    %cmp/u;
    %jmp/1 T_0.2, 6;
    %dup/vec4;
    %pushi/vec4 531, 0, 10;
    %cmp/u;
    %jmp/1 T_0.3, 6;
    %dup/vec4;
    %pushi/vec4 787, 0, 10;
    %cmp/u;
    %jmp/1 T_0.4, 6;
    %dup/vec4;
    %pushi/vec4 915, 0, 10;
    %cmp/u;
    %jmp/1 T_0.5, 6;
    %dup/vec4;
    %pushi/vec4 147, 0, 10;
    %cmp/u;
    %jmp/1 T_0.6, 6;
    %dup/vec4;
    %pushi/vec4 659, 0, 10;
    %cmp/u;
    %jmp/1 T_0.7, 6;
    %dup/vec4;
    %pushi/vec4 51, 0, 10;
    %cmp/u;
    %jmp/1 T_0.8, 6;
    %dup/vec4;
    %pushi/vec4 179, 0, 10;
    %cmp/u;
    %jmp/1 T_0.9, 6;
    %dup/vec4;
    %pushi/vec4 307, 0, 10;
    %cmp/u;
    %jmp/1 T_0.10, 6;
    %dup/vec4;
    %pushi/vec4 435, 0, 10;
    %cmp/u;
    %jmp/1 T_0.11, 6;
    %dup/vec4;
    %pushi/vec4 563, 0, 10;
    %cmp/u;
    %jmp/1 T_0.12, 6;
    %dup/vec4;
    %pushi/vec4 691, 0, 10;
    %cmp/u;
    %jmp/1 T_0.13, 6;
    %dup/vec4;
    %pushi/vec4 819, 0, 10;
    %cmp/u;
    %jmp/1 T_0.14, 6;
    %dup/vec4;
    %pushi/vec4 947, 0, 10;
    %cmp/u;
    %jmp/1 T_0.15, 6;
    %dup/vec4;
    %pushi/vec4 3, 0, 10;
    %cmp/u;
    %jmp/1 T_0.16, 6;
    %dup/vec4;
    %pushi/vec4 131, 0, 10;
    %cmp/u;
    %jmp/1 T_0.17, 6;
    %dup/vec4;
    %pushi/vec4 259, 0, 10;
    %cmp/u;
    %jmp/1 T_0.18, 6;
    %dup/vec4;
    %pushi/vec4 515, 0, 10;
    %cmp/u;
    %jmp/1 T_0.19, 6;
    %dup/vec4;
    %pushi/vec4 643, 0, 10;
    %cmp/u;
    %jmp/1 T_0.20, 6;
    %dup/vec4;
    %pushi/vec4 35, 0, 10;
    %cmp/u;
    %jmp/1 T_0.21, 6;
    %dup/vec4;
    %pushi/vec4 163, 0, 10;
    %cmp/u;
    %jmp/1 T_0.22, 6;
    %dup/vec4;
    %pushi/vec4 291, 0, 10;
    %cmp/u;
    %jmp/1 T_0.23, 6;
    %dup/vec4;
    %pushi/vec4 99, 0, 10;
    %cmp/u;
    %jmp/1 T_0.24, 6;
    %dup/vec4;
    %pushi/vec4 227, 0, 10;
    %cmp/u;
    %jmp/1 T_0.25, 6;
    %dup/vec4;
    %pushi/vec4 611, 0, 10;
    %cmp/u;
    %jmp/1 T_0.26, 6;
    %dup/vec4;
    %pushi/vec4 739, 0, 10;
    %cmp/u;
    %jmp/1 T_0.27, 6;
    %dup/vec4;
    %pushi/vec4 867, 0, 10;
    %cmp/u;
    %jmp/1 T_0.28, 6;
    %dup/vec4;
    %pushi/vec4 995, 0, 10;
    %cmp/u;
    %jmp/1 T_0.29, 6;
    %dup/vec4;
    %pushi/vec4 103, 0, 10;
    %cmp/u;
    %jmp/1 T_0.30, 6;
    %jmp T_0.31;
T_0.0 ;
    %pushi/vec4 0, 0, 6;
    %store/vec4 v0x5609107319b0_0, 0, 6;
    %load/vec4 v0x56091070f020_0;
    %parti/s 1, 31, 6;
    %replicate 20;
    %load/vec4 v0x56091070f020_0;
    %parti/s 12, 20, 6;
    %concat/vec4; draw_concat_vec4
    %store/vec4 v0x560910731e40_0, 0, 32;
    %pushi/vec4 1, 0, 1;
    %store/vec4 v0x560910731f20_0, 0, 1;
    %jmp T_0.31;
T_0.1 ;
    %pushi/vec4 1, 0, 6;
    %store/vec4 v0x5609107319b0_0, 0, 6;
    %load/vec4 v0x56091070f020_0;
    %parti/s 1, 31, 6;
    %replicate 20;
    %load/vec4 v0x56091070f020_0;
    %parti/s 12, 20, 6;
    %concat/vec4; draw_concat_vec4
    %store/vec4 v0x560910731e40_0, 0, 32;
    %pushi/vec4 1, 0, 1;
    %store/vec4 v0x560910731f20_0, 0, 1;
    %jmp T_0.31;
T_0.2 ;
    %pushi/vec4 2, 0, 6;
    %store/vec4 v0x5609107319b0_0, 0, 6;
    %load/vec4 v0x56091070f020_0;
    %parti/s 1, 31, 6;
    %replicate 20;
    %load/vec4 v0x56091070f020_0;
    %parti/s 12, 20, 6;
    %concat/vec4; draw_concat_vec4
    %store/vec4 v0x560910731e40_0, 0, 32;
    %pushi/vec4 1, 0, 1;
    %store/vec4 v0x560910731f20_0, 0, 1;
    %jmp T_0.31;
T_0.3 ;
    %pushi/vec4 3, 0, 6;
    %store/vec4 v0x5609107319b0_0, 0, 6;
    %load/vec4 v0x56091070f020_0;
    %parti/s 1, 31, 6;
    %replicate 20;
    %load/vec4 v0x56091070f020_0;
    %parti/s 12, 20, 6;
    %concat/vec4; draw_concat_vec4
    %store/vec4 v0x560910731e40_0, 0, 32;
    %pushi/vec4 1, 0, 1;
    %store/vec4 v0x560910731f20_0, 0, 1;
    %jmp T_0.31;
T_0.4 ;
    %pushi/vec4 4, 0, 6;
    %store/vec4 v0x5609107319b0_0, 0, 6;
    %load/vec4 v0x56091070f020_0;
    %parti/s 1, 31, 6;
    %replicate 20;
    %load/vec4 v0x56091070f020_0;
    %parti/s 12, 20, 6;
    %concat/vec4; draw_concat_vec4
    %store/vec4 v0x560910731e40_0, 0, 32;
    %pushi/vec4 1, 0, 1;
    %store/vec4 v0x560910731f20_0, 0, 1;
    %jmp T_0.31;
T_0.5 ;
    %pushi/vec4 5, 0, 6;
    %store/vec4 v0x5609107319b0_0, 0, 6;
    %load/vec4 v0x56091070f020_0;
    %parti/s 1, 31, 6;
    %replicate 20;
    %load/vec4 v0x56091070f020_0;
    %parti/s 12, 20, 6;
    %concat/vec4; draw_concat_vec4
    %store/vec4 v0x560910731e40_0, 0, 32;
    %pushi/vec4 1, 0, 1;
    %store/vec4 v0x560910731f20_0, 0, 1;
    %jmp T_0.31;
T_0.6 ;
    %pushi/vec4 6, 0, 6;
    %store/vec4 v0x5609107319b0_0, 0, 6;
    %load/vec4 v0x56091070f020_0;
    %parti/s 1, 31, 6;
    %replicate 20;
    %load/vec4 v0x56091070f020_0;
    %parti/s 12, 20, 6;
    %concat/vec4; draw_concat_vec4
    %store/vec4 v0x560910731e40_0, 0, 32;
    %pushi/vec4 1, 0, 1;
    %store/vec4 v0x560910731f20_0, 0, 1;
    %jmp T_0.31;
T_0.7 ;
    %load/vec4 v0x56091070f020_0;
    %parti/s 1, 30, 6;
    %flag_set/vec4 8;
    %jmp/0 T_0.32, 8;
    %pushi/vec4 7, 0, 6;
    %jmp/1 T_0.33, 8;
T_0.32 ; End of true expr.
    %pushi/vec4 8, 0, 6;
    %jmp/0 T_0.33, 8;
 ; End of false expr.
    %blend;
T_0.33;
    %store/vec4 v0x5609107319b0_0, 0, 6;
    %load/vec4 v0x56091070f020_0;
    %parti/s 5, 20, 6;
    %pad/u 32;
    %store/vec4 v0x560910731e40_0, 0, 32;
    %pushi/vec4 1, 0, 1;
    %store/vec4 v0x560910731f20_0, 0, 1;
    %jmp T_0.31;
T_0.8 ;
    %load/vec4 v0x56091070f020_0;
    %parti/s 1, 30, 6;
    %flag_set/vec4 8;
    %jmp/0 T_0.34, 8;
    %pushi/vec4 9, 0, 6;
    %jmp/1 T_0.35, 8;
T_0.34 ; End of true expr.
    %pushi/vec4 10, 0, 6;
    %jmp/0 T_0.35, 8;
 ; End of false expr.
    %blend;
T_0.35;
    %store/vec4 v0x5609107319b0_0, 0, 6;
    %load/vec4 v0x560910731a90_0;
    %store/vec4 v0x560910731e40_0, 0, 32;
    %pushi/vec4 1, 0, 1;
    %store/vec4 v0x560910731f20_0, 0, 1;
    %jmp T_0.31;
T_0.9 ;
    %pushi/vec4 11, 0, 6;
    %store/vec4 v0x5609107319b0_0, 0, 6;
    %load/vec4 v0x560910731a90_0;
    %store/vec4 v0x560910731e40_0, 0, 32;
    %pushi/vec4 1, 0, 1;
    %store/vec4 v0x560910731f20_0, 0, 1;
    %jmp T_0.31;
T_0.10 ;
    %pushi/vec4 12, 0, 6;
    %store/vec4 v0x5609107319b0_0, 0, 6;
    %load/vec4 v0x560910731a90_0;
    %store/vec4 v0x560910731e40_0, 0, 32;
    %pushi/vec4 1, 0, 1;
    %store/vec4 v0x560910731f20_0, 0, 1;
    %jmp T_0.31;
T_0.11 ;
    %pushi/vec4 13, 0, 6;
    %store/vec4 v0x5609107319b0_0, 0, 6;
    %load/vec4 v0x560910731a90_0;
    %store/vec4 v0x560910731e40_0, 0, 32;
    %pushi/vec4 1, 0, 1;
    %store/vec4 v0x560910731f20_0, 0, 1;
    %jmp T_0.31;
T_0.12 ;
    %pushi/vec4 14, 0, 6;
    %store/vec4 v0x5609107319b0_0, 0, 6;
    %load/vec4 v0x560910731a90_0;
    %store/vec4 v0x560910731e40_0, 0, 32;
    %pushi/vec4 1, 0, 1;
    %store/vec4 v0x560910731f20_0, 0, 1;
    %jmp T_0.31;
T_0.13 ;
    %load/vec4 v0x56091070f020_0;
    %parti/s 1, 30, 6;
    %flag_set/vec4 8;
    %jmp/0 T_0.36, 8;
    %pushi/vec4 15, 0, 6;
    %jmp/1 T_0.37, 8;
T_0.36 ; End of true expr.
    %pushi/vec4 16, 0, 6;
    %jmp/0 T_0.37, 8;
 ; End of false expr.
    %blend;
T_0.37;
    %store/vec4 v0x5609107319b0_0, 0, 6;
    %load/vec4 v0x560910731a90_0;
    %store/vec4 v0x560910731e40_0, 0, 32;
    %pushi/vec4 1, 0, 1;
    %store/vec4 v0x560910731f20_0, 0, 1;
    %jmp T_0.31;
T_0.14 ;
    %pushi/vec4 17, 0, 6;
    %store/vec4 v0x5609107319b0_0, 0, 6;
    %load/vec4 v0x560910731a90_0;
    %store/vec4 v0x560910731e40_0, 0, 32;
    %pushi/vec4 1, 0, 1;
    %store/vec4 v0x560910731f20_0, 0, 1;
    %jmp T_0.31;
T_0.15 ;
    %pushi/vec4 18, 0, 6;
    %store/vec4 v0x5609107319b0_0, 0, 6;
    %load/vec4 v0x560910731a90_0;
    %store/vec4 v0x560910731e40_0, 0, 32;
    %pushi/vec4 1, 0, 1;
    %store/vec4 v0x560910731f20_0, 0, 1;
    %jmp T_0.31;
T_0.16 ;
    %pushi/vec4 19, 0, 6;
    %store/vec4 v0x5609107319b0_0, 0, 6;
    %load/vec4 v0x560910731a90_0;
    %store/vec4 v0x560910731e40_0, 0, 32;
    %pushi/vec4 1, 0, 1;
    %store/vec4 v0x560910731f20_0, 0, 1;
    %jmp T_0.31;
T_0.17 ;
    %pushi/vec4 20, 0, 6;
    %store/vec4 v0x5609107319b0_0, 0, 6;
    %load/vec4 v0x560910731a90_0;
    %store/vec4 v0x560910731e40_0, 0, 32;
    %pushi/vec4 1, 0, 1;
    %store/vec4 v0x560910731f20_0, 0, 1;
    %jmp T_0.31;
T_0.18 ;
    %pushi/vec4 21, 0, 6;
    %store/vec4 v0x5609107319b0_0, 0, 6;
    %load/vec4 v0x560910731a90_0;
    %store/vec4 v0x560910731e40_0, 0, 32;
    %pushi/vec4 1, 0, 1;
    %store/vec4 v0x560910731f20_0, 0, 1;
    %jmp T_0.31;
T_0.19 ;
    %pushi/vec4 22, 0, 6;
    %store/vec4 v0x5609107319b0_0, 0, 6;
    %load/vec4 v0x560910731a90_0;
    %store/vec4 v0x560910731e40_0, 0, 32;
    %pushi/vec4 1, 0, 1;
    %store/vec4 v0x560910731f20_0, 0, 1;
    %jmp T_0.31;
T_0.20 ;
    %pushi/vec4 23, 0, 6;
    %store/vec4 v0x5609107319b0_0, 0, 6;
    %load/vec4 v0x560910731a90_0;
    %store/vec4 v0x560910731e40_0, 0, 32;
    %pushi/vec4 1, 0, 1;
    %store/vec4 v0x560910731f20_0, 0, 1;
    %jmp T_0.31;
T_0.21 ;
    %pushi/vec4 24, 0, 6;
    %store/vec4 v0x5609107319b0_0, 0, 6;
    %load/vec4 v0x560910731a90_0;
    %store/vec4 v0x560910731e40_0, 0, 32;
    %pushi/vec4 0, 0, 1;
    %store/vec4 v0x560910731f20_0, 0, 1;
    %jmp T_0.31;
T_0.22 ;
    %pushi/vec4 25, 0, 6;
    %store/vec4 v0x5609107319b0_0, 0, 6;
    %load/vec4 v0x560910731a90_0;
    %store/vec4 v0x560910731e40_0, 0, 32;
    %pushi/vec4 0, 0, 1;
    %store/vec4 v0x560910731f20_0, 0, 1;
    %jmp T_0.31;
T_0.23 ;
    %pushi/vec4 26, 0, 6;
    %store/vec4 v0x5609107319b0_0, 0, 6;
    %load/vec4 v0x560910731a90_0;
    %store/vec4 v0x560910731e40_0, 0, 32;
    %pushi/vec4 0, 0, 1;
    %store/vec4 v0x560910731f20_0, 0, 1;
    %jmp T_0.31;
T_0.24 ;
    %pushi/vec4 27, 0, 6;
    %store/vec4 v0x5609107319b0_0, 0, 6;
    %load/vec4 v0x560910731a90_0;
    %store/vec4 v0x560910731e40_0, 0, 32;
    %pushi/vec4 0, 0, 1;
    %store/vec4 v0x560910731f20_0, 0, 1;
    %jmp T_0.31;
T_0.25 ;
    %pushi/vec4 28, 0, 6;
    %store/vec4 v0x5609107319b0_0, 0, 6;
    %load/vec4 v0x560910731a90_0;
    %store/vec4 v0x560910731e40_0, 0, 32;
    %pushi/vec4 0, 0, 1;
    %store/vec4 v0x560910731f20_0, 0, 1;
    %jmp T_0.31;
T_0.26 ;
    %pushi/vec4 29, 0, 6;
    %store/vec4 v0x5609107319b0_0, 0, 6;
    %load/vec4 v0x560910731a90_0;
    %store/vec4 v0x560910731e40_0, 0, 32;
    %pushi/vec4 0, 0, 1;
    %store/vec4 v0x560910731f20_0, 0, 1;
    %jmp T_0.31;
T_0.27 ;
    %pushi/vec4 30, 0, 6;
    %store/vec4 v0x5609107319b0_0, 0, 6;
    %load/vec4 v0x560910731a90_0;
    %store/vec4 v0x560910731e40_0, 0, 32;
    %pushi/vec4 0, 0, 1;
    %store/vec4 v0x560910731f20_0, 0, 1;
    %jmp T_0.31;
T_0.28 ;
    %pushi/vec4 31, 0, 6;
    %store/vec4 v0x5609107319b0_0, 0, 6;
    %load/vec4 v0x560910731a90_0;
    %store/vec4 v0x560910731e40_0, 0, 32;
    %pushi/vec4 0, 0, 1;
    %store/vec4 v0x560910731f20_0, 0, 1;
    %jmp T_0.31;
T_0.29 ;
    %pushi/vec4 32, 0, 6;
    %store/vec4 v0x5609107319b0_0, 0, 6;
    %load/vec4 v0x560910731a90_0;
    %store/vec4 v0x560910731e40_0, 0, 32;
    %pushi/vec4 0, 0, 1;
    %store/vec4 v0x560910731f20_0, 0, 1;
    %jmp T_0.31;
T_0.30 ;
    %pushi/vec4 34, 0, 6;
    %store/vec4 v0x5609107319b0_0, 0, 6;
    %load/vec4 v0x560910731a90_0;
    %store/vec4 v0x560910731e40_0, 0, 32;
    %pushi/vec4 1, 0, 1;
    %store/vec4 v0x560910731f20_0, 0, 1;
    %jmp T_0.31;
T_0.31 ;
    %pop/vec4 1;
    %load/vec4 v0x56091070f020_0;
    %parti/s 7, 0, 2;
    %dup/vec4;
    %pushi/vec4 111, 0, 7;
    %cmp/u;
    %jmp/1 T_0.38, 6;
    %dup/vec4;
    %pushi/vec4 55, 0, 7;
    %cmp/u;
    %jmp/1 T_0.39, 6;
    %dup/vec4;
    %pushi/vec4 23, 0, 7;
    %cmp/u;
    %jmp/1 T_0.40, 6;
    %jmp T_0.41;
T_0.38 ;
    %pushi/vec4 33, 0, 6;
    %store/vec4 v0x5609107319b0_0, 0, 6;
    %load/vec4 v0x560910731a90_0;
    %store/vec4 v0x560910731e40_0, 0, 32;
    %pushi/vec4 1, 0, 1;
    %store/vec4 v0x560910731f20_0, 0, 1;
    %jmp T_0.41;
T_0.39 ;
    %pushi/vec4 35, 0, 6;
    %store/vec4 v0x5609107319b0_0, 0, 6;
    %load/vec4 v0x560910731a90_0;
    %store/vec4 v0x560910731e40_0, 0, 32;
    %pushi/vec4 1, 0, 1;
    %store/vec4 v0x560910731f20_0, 0, 1;
    %jmp T_0.41;
T_0.40 ;
    %pushi/vec4 36, 0, 6;
    %store/vec4 v0x5609107319b0_0, 0, 6;
    %load/vec4 v0x560910731a90_0;
    %store/vec4 v0x560910731e40_0, 0, 32;
    %pushi/vec4 1, 0, 1;
    %store/vec4 v0x560910731f20_0, 0, 1;
    %jmp T_0.41;
T_0.41 ;
    %pop/vec4 1;
    %load/vec4 v0x56091070f020_0;
    %cmpi/e 0, 0, 32;
    %jmp/0xz  T_0.42, 4;
    %pushi/vec4 0, 0, 6;
    %store/vec4 v0x5609107319b0_0, 0, 6;
    %pushi/vec4 0, 0, 1;
    %store/vec4 v0x560910731f20_0, 0, 1;
T_0.42 ;
    %load/vec4 v0x56091070f020_0;
    %parti/s 5, 15, 5;
    %store/vec4 v0x560910731c30_0, 0, 5;
    %load/vec4 v0x56091070f020_0;
    %parti/s 5, 20, 6;
    %store/vec4 v0x560910731d60_0, 0, 5;
    %load/vec4 v0x56091070f020_0;
    %parti/s 5, 7, 4;
    %store/vec4 v0x560910731b50_0, 0, 5;
    %jmp T_0;
    .thread T_0, $push;
# The file index is used to find the file name in the following table.
:file_names 3;
    "N/A";
    "<interactive>";
    "dummydecoder.v";
